# JRE version: Java(TM) SE Runtime Environment (8.0_131-b11) (build 1.8.0_131-b11)
# Java VM: Java HotSpot(TM) 64-Bit Server VM (25.131-b11 mixed mode windows-amd64 compressed oops)
Heap:
 PSYoungGen      total 163328K, used 47512K [0x00000000f5580000, 0x0000000100000000, 0x0000000100000000)
  eden space 152064K, 23% used [0x00000000f5580000,0x00000000f78eced8,0x00000000fea00000)
  from space 11264K, 99% used [0x00000000fea00000,0x00000000ff4f9478,0x00000000ff500000)
  to   space 11264K, 0% used [0x00000000ff500000,0x00000000ff500000,0x0000000100000000)
 ParOldGen       total 74240K, used 25472K [0x00000000e0000000, 0x00000000e4880000, 0x00000000f5580000)
  object space 74240K, 34% used [0x00000000e0000000,0x00000000e18e0188,0x00000000e4880000)
 Metaspace       used 38247K, capacity 39729K, committed 39984K, reserved 1083392K
  class space    used 5017K, capacity 5309K, committed 5424K, reserved 1048576K
GC Heap History (10 events):
Event: 3.193 GC heap before
{Heap before GC invocations=7 (full 1):
 PSYoungGen      total 71680K, used 66560K [0x00000000f5580000, 0x00000000fe780000, 0x0000000100000000)
  eden space 66560K, 100% used [0x00000000f5580000,0x00000000f9680000,0x00000000f9680000)
  from space 5120K, 0% used [0x00000000f9680000,0x00000000f9680000,0x00000000f9b80000)
  to   space 8192K, 0% used [0x00000000fdf80000,0x00000000fdf80000,0x00000000fe780000)
 ParOldGen       total 50176K, used 6045K [0x00000000e0000000, 0x00000000e3100000, 0x00000000f5580000)
  object space 50176K, 12% used [0x00000000e0000000,0x00000000e05e74e8,0x00000000e3100000)
 Metaspace       used 25341K, capacity 25944K, committed 26160K, reserved 1071104K
  class space    used 3372K, capacity 3564K, committed 3632K, reserved 1048576K
Event: 3.201 GC heap after
Heap after GC invocations=7 (full 1):
 PSYoungGen      total 121856K, used 5153K [0x00000000f5580000, 0x00000000fe500000, 0x0000000100000000)
  eden space 116224K, 0% used [0x00000000f5580000,0x00000000f5580000,0x00000000fc700000)
  from space 5632K, 91% used [0x00000000fdf80000,0x00000000fe488590,0x00000000fe500000)
  to   space 8192K, 0% used [0x00000000fd500000,0x00000000fd500000,0x00000000fdd00000)
 ParOldGen       total 50176K, used 6053K [0x00000000e0000000, 0x00000000e3100000, 0x00000000f5580000)
  object space 50176K, 12% used [0x00000000e0000000,0x00000000e05e94e8,0x00000000e3100000)
 Metaspace       used 25341K, capacity 25944K, committed 26160K, reserved 1071104K
  class space    used 3372K, capacity 3564K, committed 3632K, reserved 1048576K
}
Event: 5.221 GC heap before
{Heap before GC invocations=8 (full 1):
 PSYoungGen      total 121856K, used 121377K [0x00000000f5580000, 0x00000000fe500000, 0x0000000100000000)
  eden space 116224K, 100% used [0x00000000f5580000,0x00000000fc700000,0x00000000fc700000)
  from space 5632K, 91% used [0x00000000fdf80000,0x00000000fe488590,0x00000000fe500000)
  to   space 8192K, 0% used [0x00000000fd500000,0x00000000fd500000,0x00000000fdd00000)
 ParOldGen       total 50176K, used 6053K [0x00000000e0000000, 0x00000000e3100000, 0x00000000f5580000)
  object space 50176K, 12% used [0x00000000e0000000,0x00000000e05e94e8,0x00000000e3100000)
 Metaspace       used 31178K, capacity 32122K, committed 32432K, reserved 1077248K
  class space    used 4167K, capacity 4405K, committed 4528K, reserved 1048576K
Event: 5.265 GC heap after
Heap after GC invocations=8 (full 1):
 PSYoungGen      total 138752K, used 8180K [0x00000000f5580000, 0x0000000100000000, 0x0000000100000000)
  eden space 130560K, 0% used [0x00000000f5580000,0x00000000f5580000,0x00000000fd500000)
  from space 8192K, 99% used [0x00000000fd500000,0x00000000fdcfd2d0,0x00000000fdd00000)
  to   space 10752K, 0% used [0x00000000ff580000,0x00000000ff580000,0x0000000100000000)
 ParOldGen       total 50176K, used 9053K [0x00000000e0000000, 0x00000000e3100000, 0x00000000f5580000)
  object space 50176K, 18% used [0x00000000e0000000,0x00000000e08d74d0,0x00000000e3100000)
 Metaspace       used 31178K, capacity 32122K, committed 32432K, reserved 1077248K
  class space    used 4167K, capacity 4405K, committed 4528K, reserved 1048576K
}
Event: 6.700 GC heap before
{Heap before GC invocations=9 (full 1):
 PSYoungGen      total 138752K, used 85423K [0x00000000f5580000, 0x0000000100000000, 0x0000000100000000)
  eden space 130560K, 59% used [0x00000000f5580000,0x00000000fa0eea20,0x00000000fd500000)
  from space 8192K, 99% used [0x00000000fd500000,0x00000000fdcfd2d0,0x00000000fdd00000)
  to   space 10752K, 0% used [0x00000000ff580000,0x00000000ff580000,0x0000000100000000)
 ParOldGen       total 50176K, used 9053K [0x00000000e0000000, 0x00000000e3100000, 0x00000000f5580000)
  object space 50176K, 18% used [0x00000000e0000000,0x00000000e08d74d0,0x00000000e3100000)
 Metaspace       used 34173K, capacity 35273K, committed 35496K, reserved 1079296K
  class space    used 4528K, capacity 4784K, committed 4784K, reserved 1048576K
Event: 6.739 GC heap after
Heap after GC invocations=9 (full 1):
 PSYoungGen      total 162816K, used 9816K [0x00000000f5580000, 0x0000000100000000, 0x0000000100000000)
  eden space 152064K, 0% used [0x00000000f5580000,0x00000000f5580000,0x00000000fea00000)
  from space 10752K, 91% used [0x00000000ff580000,0x00000000fff16038,0x0000000100000000)
  to   space 11264K, 0% used [0x00000000fea00000,0x00000000fea00000,0x00000000ff500000)
 ParOldGen       total 50176K, used 9061K [0x00000000e0000000, 0x00000000e3100000, 0x00000000f5580000)
  object space 50176K, 18% used [0x00000000e0000000,0x00000000e08d94d0,0x00000000e3100000)
 Metaspace       used 34173K, capacity 35273K, committed 35496K, reserved 1079296K
  class space    used 4528K, capacity 4784K, committed 4784K, reserved 1048576K
}
Event: 6.739 GC heap before
{Heap before GC invocations=10 (full 2):
 PSYoungGen      total 162816K, used 9816K [0x00000000f5580000, 0x0000000100000000, 0x0000000100000000)
  eden space 152064K, 0% used [0x00000000f5580000,0x00000000f5580000,0x00000000fea00000)
  from space 10752K, 91% used [0x00000000ff580000,0x00000000fff16038,0x0000000100000000)
  to   space 11264K, 0% used [0x00000000fea00000,0x00000000fea00000,0x00000000ff500000)
 ParOldGen       total 50176K, used 9061K [0x00000000e0000000, 0x00000000e3100000, 0x00000000f5580000)
  object space 50176K, 18% used [0x00000000e0000000,0x00000000e08d94d0,0x00000000e3100000)
 Metaspace       used 34173K, capacity 35273K, committed 35496K, reserved 1079296K
  class space    used 4528K, capacity 4784K, committed 4784K, reserved 1048576K
Event: 6.835 GC heap after
Heap after GC invocations=10 (full 2):
 PSYoungGen      total 162816K, used 0K [0x00000000f5580000, 0x0000000100000000, 0x0000000100000000)
  eden space 152064K, 0% used [0x00000000f5580000,0x00000000f5580000,0x00000000fea00000)
  from space 10752K, 0% used [0x00000000ff580000,0x00000000ff580000,0x0000000100000000)
  to   space 11264K, 0% used [0x00000000fea00000,0x00000000fea00000,0x00000000ff500000)
 ParOldGen       total 74240K, used 14667K [0x00000000e0000000, 0x00000000e4880000, 0x00000000f5580000)
  object space 74240K, 19% used [0x00000000e0000000,0x00000000e0e52cb8,0x00000000e4880000)
 Metaspace       used 34173K, capacity 35273K, committed 35496K, reserved 1079296K
  class space    used 4528K, capacity 4784K, committed 4784K, reserved 1048576K
}
Event: 9.641 GC heap before
{Heap before GC invocations=11 (full 2):
 PSYoungGen      total 162816K, used 152064K [0x00000000f5580000, 0x0000000100000000, 0x0000000100000000)
  eden space 152064K, 100% used [0x00000000f5580000,0x00000000fea00000,0x00000000fea00000)
  from space 10752K, 0% used [0x00000000ff580000,0x00000000ff580000,0x0000000100000000)
  to   space 11264K, 0% used [0x00000000fea00000,0x00000000fea00000,0x00000000ff500000)
 ParOldGen       total 74240K, used 14667K [0x00000000e0000000, 0x00000000e4880000, 0x00000000f5580000)
  object space 74240K, 19% used [0x00000000e0000000,0x00000000e0e52cb8,0x00000000e4880000)
 Metaspace       used 38096K, capacity 39601K, committed 39984K, reserved 1083392K
  class space    used 5005K, capacity 5309K, committed 5424K, reserved 1048576K
Event: 9.673 GC heap after
Heap after GC invocations=11 (full 2):
 PSYoungGen      total 163328K, used 11237K [0x00000000f5580000, 0x0000000100000000, 0x0000000100000000)
  eden space 152064K, 0% used [0x00000000f5580000,0x00000000f5580000,0x00000000fea00000)
  from space 11264K, 99% used [0x00000000fea00000,0x00000000ff4f9478,0x00000000ff500000)
  to   space 11264K, 0% used [0x00000000ff500000,0x00000000ff500000,0x0000000100000000)
 ParOldGen       total 74240K, used 25472K [0x00000000e0000000, 0x00000000e4880000, 0x00000000f5580000)
  object space 74240K, 34% used [0x00000000e0000000,0x00000000e18e0188,0x00000000e4880000)
 Metaspace       used 38096K, capacity 39601K, committed 39984K, reserved 1083392K
  class space    used 5005K, capacity 5309K, committed 5424K, reserved 1048576K
}

